2025-06-09 20:54:48,977 - INFO - Trainer initialized. Device: cpu
2025-06-09 20:54:49,013 - INFO - Model parameters: 3,422,720
2025-06-09 20:54:49,055 - INFO - Starting training for 2 epochs
2025-06-09 20:54:49,087 - INFO - Training samples: 1000
2025-06-09 20:54:49,102 - INFO - Evaluation samples: 200
2025-06-09 20:54:49,103 - INFO - Epoch 1/2
2025-06-09 20:54:58,165 - INFO - Step 10 | Loss: 254.5444 (CE: 254.5443, Reg: 0.000024) | LR: 0.000010
2025-06-09 20:55:07,429 - INFO - Step 20 | Loss: 255.6085 (CE: 255.6085, Reg: 0.000024) | LR: 0.000020
2025-06-09 20:55:13,924 - INFO - Step 30 | Loss: 254.5151 (CE: 254.5151, Reg: 0.000024) | LR: 0.000030
2025-06-09 20:55:19,786 - INFO - Step 40 | Loss: 255.4118 (CE: 255.4118, Reg: 0.000024) | LR: 0.000040
2025-06-09 20:55:26,153 - INFO - Step 50 | Loss: 255.8946 (CE: 255.8945, Reg: 0.000024) | LR: 0.000050
2025-06-09 20:55:30,094 - INFO - Step 50 | Loss: 0.0000 (CE: 0.0000, Reg: 0.000000) | LR: 0.000000
2025-06-09 20:55:37,623 - INFO - Step 60 | Loss: 255.1505 (CE: 255.1504, Reg: 0.000024) | LR: 0.000060
2025-06-09 20:55:46,615 - INFO - Step 70 | Loss: 253.9647 (CE: 253.9647, Reg: 0.000024) | LR: 0.000070
2025-06-09 20:55:53,579 - INFO - Step 80 | Loss: 253.4340 (CE: 253.4340, Reg: 0.000024) | LR: 0.000080
2025-06-09 20:56:01,881 - INFO - Step 90 | Loss: 252.8789 (CE: 252.8789, Reg: 0.000024) | LR: 0.000090
2025-06-09 20:56:09,346 - INFO - Step 100 | Loss: 253.3822 (CE: 253.3822, Reg: 0.000024) | LR: 0.000100
2025-06-09 20:56:13,387 - INFO - Step 100 | Loss: 0.0000 (CE: 0.0000, Reg: 0.000000) | LR: 0.000000
2025-06-09 20:56:13,508 - INFO - Checkpoint saved to ./training_outputs\checkpoint_step_100.pt
2025-06-09 20:56:19,757 - INFO - Step 110 | Loss: 252.5880 (CE: 252.5880, Reg: 0.000024) | LR: 0.000100
2025-06-09 20:56:27,495 - INFO - Step 120 | Loss: 252.8173 (CE: 252.8173, Reg: 0.000024) | LR: 0.000100
2025-06-09 20:56:32,229 - INFO - Epoch 2/2
2025-06-09 20:56:35,473 - INFO - Step 130 | Loss: 251.4516 (CE: 251.4515, Reg: 0.000024) | LR: 0.000100
2025-06-09 20:56:43,093 - INFO - Step 140 | Loss: 251.5079 (CE: 251.5078, Reg: 0.000024) | LR: 0.000100
2025-06-09 20:56:49,148 - INFO - Step 150 | Loss: 251.8895 (CE: 251.8895, Reg: 0.000024) | LR: 0.000100
2025-06-09 20:56:52,843 - INFO - Step 150 | Loss: 0.0000 (CE: 0.0000, Reg: 0.000000) | LR: 0.000000
2025-06-09 20:56:59,303 - INFO - Step 160 | Loss: 250.7290 (CE: 250.7289, Reg: 0.000024) | LR: 0.000100
2025-06-09 20:57:08,062 - INFO - Step 170 | Loss: 250.6950 (CE: 250.6950, Reg: 0.000024) | LR: 0.000100
2025-06-09 20:57:13,330 - INFO - Step 180 | Loss: 250.3254 (CE: 250.3253, Reg: 0.000024) | LR: 0.000100
2025-06-09 20:57:19,255 - INFO - Step 190 | Loss: 248.9271 (CE: 248.9271, Reg: 0.000024) | LR: 0.000100
2025-06-09 20:57:26,319 - INFO - Step 200 | Loss: 249.9256 (CE: 249.9256, Reg: 0.000024) | LR: 0.000100
2025-06-09 20:57:29,599 - INFO - Step 200 | Loss: 0.0000 (CE: 0.0000, Reg: 0.000000) | LR: 0.000000
2025-06-09 20:57:29,702 - INFO - Checkpoint saved to ./training_outputs\checkpoint_step_200.pt
2025-06-09 20:57:37,248 - INFO - Step 210 | Loss: 249.8955 (CE: 249.8955, Reg: 0.000024) | LR: 0.000100
2025-06-09 20:57:43,956 - INFO - Step 220 | Loss: 248.6741 (CE: 248.6741, Reg: 0.000024) | LR: 0.000100
2025-06-09 20:57:49,813 - INFO - Step 230 | Loss: 248.6194 (CE: 248.6194, Reg: 0.000024) | LR: 0.000100
2025-06-09 20:57:56,989 - INFO - Step 240 | Loss: 248.4293 (CE: 248.4293, Reg: 0.000024) | LR: 0.000100
2025-06-09 20:58:04,746 - INFO - Step 250 | Loss: 247.3107 (CE: 247.3106, Reg: 0.000024) | LR: 0.000100
2025-06-09 20:58:08,690 - INFO - Step 250 | Loss: 0.0000 (CE: 0.0000, Reg: 0.000000) | LR: 0.000000
2025-06-09 20:58:08,794 - INFO - Checkpoint saved to ./training_outputs\final_checkpoint.pt
2025-06-09 20:58:08,795 - INFO - Training completed!
2025-06-09 20:58:26,648 - INFO - Trainer initialized. Device: cpu
2025-06-09 20:58:26,650 - INFO - Model parameters: 3,422,720
2025-06-09 20:58:26,651 - INFO - Starting training for 2 epochs
2025-06-09 20:58:26,652 - INFO - Training samples: 1000
2025-06-09 20:58:26,652 - INFO - Evaluation samples: 200
2025-06-09 20:58:26,653 - INFO - Epoch 1/2
2025-06-09 20:58:39,514 - INFO - Step 10 | Loss: 253.1100 (CE: 253.1100, Reg: 0.000024) | LR: 0.000010
2025-06-09 20:58:49,625 - INFO - Step 20 | Loss: 254.6298 (CE: 254.6298, Reg: 0.000024) | LR: 0.000020
2025-06-09 20:59:00,011 - INFO - Step 30 | Loss: 255.3452 (CE: 255.3452, Reg: 0.000024) | LR: 0.000030
2025-06-09 20:59:15,315 - INFO - Step 40 | Loss: 254.1238 (CE: 254.1238, Reg: 0.000024) | LR: 0.000040
2025-06-09 20:59:33,345 - INFO - Step 50 | Loss: 255.3969 (CE: 255.3969, Reg: 0.000024) | LR: 0.000050
2025-06-09 20:59:43,120 - INFO - Step 50 | Loss: 0.0000 (CE: 0.0000, Reg: 0.000000) | LR: 0.000000
2025-06-09 21:00:02,897 - INFO - Step 60 | Loss: 254.5822 (CE: 254.5822, Reg: 0.000024) | LR: 0.000060
2025-06-09 21:00:17,269 - INFO - Step 70 | Loss: 255.3088 (CE: 255.3088, Reg: 0.000024) | LR: 0.000070
2025-06-09 21:00:30,458 - INFO - Step 80 | Loss: 254.0282 (CE: 254.0282, Reg: 0.000024) | LR: 0.000080
2025-06-09 21:00:56,164 - INFO - Step 90 | Loss: 253.2645 (CE: 253.2645, Reg: 0.000024) | LR: 0.000090
2025-06-09 21:01:12,776 - INFO - Step 100 | Loss: 253.1098 (CE: 253.1098, Reg: 0.000024) | LR: 0.000100
2025-06-09 21:01:19,722 - INFO - Step 100 | Loss: 0.0000 (CE: 0.0000, Reg: 0.000000) | LR: 0.000000
2025-06-09 21:01:19,838 - INFO - Checkpoint saved to ./training_outputs\checkpoint_step_100.pt
2025-06-09 21:01:41,403 - INFO - Step 110 | Loss: 252.9869 (CE: 252.9868, Reg: 0.000024) | LR: 0.000100
2025-06-09 21:01:56,336 - INFO - Step 120 | Loss: 252.4076 (CE: 252.4075, Reg: 0.000024) | LR: 0.000100
2025-06-09 21:02:01,579 - INFO - Epoch 2/2
2025-06-09 21:02:05,164 - INFO - Step 130 | Loss: 252.8512 (CE: 252.8512, Reg: 0.000024) | LR: 0.000100
2025-06-09 21:02:12,327 - INFO - Step 140 | Loss: 251.1417 (CE: 251.1417, Reg: 0.000024) | LR: 0.000100
2025-06-09 21:02:18,881 - INFO - Step 150 | Loss: 250.8802 (CE: 250.8801, Reg: 0.000024) | LR: 0.000100
2025-06-09 21:02:22,247 - INFO - Step 150 | Loss: 0.0000 (CE: 0.0000, Reg: 0.000000) | LR: 0.000000
2025-06-09 21:02:29,078 - INFO - Step 160 | Loss: 250.1412 (CE: 250.1412, Reg: 0.000024) | LR: 0.000100
2025-06-09 21:02:34,972 - INFO - Step 170 | Loss: 249.8389 (CE: 249.8389, Reg: 0.000024) | LR: 0.000100
2025-06-09 21:02:44,453 - INFO - Step 180 | Loss: 251.1704 (CE: 251.1704, Reg: 0.000024) | LR: 0.000100
2025-06-09 21:02:52,576 - INFO - Step 190 | Loss: 250.2753 (CE: 250.2753, Reg: 0.000024) | LR: 0.000100
2025-06-09 21:03:00,148 - INFO - Step 200 | Loss: 248.5237 (CE: 248.5236, Reg: 0.000024) | LR: 0.000100
2025-06-09 21:03:04,162 - INFO - Step 200 | Loss: 0.0000 (CE: 0.0000, Reg: 0.000000) | LR: 0.000000
2025-06-09 21:03:04,254 - INFO - Checkpoint saved to ./training_outputs\checkpoint_step_200.pt
2025-06-09 21:03:12,588 - INFO - Step 210 | Loss: 249.9641 (CE: 249.9641, Reg: 0.000024) | LR: 0.000100
2025-06-09 21:03:18,756 - INFO - Step 220 | Loss: 247.3576 (CE: 247.3576, Reg: 0.000024) | LR: 0.000100
2025-06-09 21:03:25,401 - INFO - Step 230 | Loss: 249.1807 (CE: 249.1807, Reg: 0.000024) | LR: 0.000100
2025-06-09 21:03:33,136 - INFO - Step 240 | Loss: 248.0140 (CE: 248.0140, Reg: 0.000024) | LR: 0.000100
2025-06-09 21:03:40,640 - INFO - Step 250 | Loss: 248.5486 (CE: 248.5486, Reg: 0.000024) | LR: 0.000100
2025-06-09 21:03:43,751 - INFO - Step 250 | Loss: 0.0000 (CE: 0.0000, Reg: 0.000000) | LR: 0.000000
2025-06-09 21:03:43,855 - INFO - Checkpoint saved to ./training_outputs\final_checkpoint.pt
2025-06-09 21:03:43,856 - INFO - Training completed!
